<?xml version="1.0" encoding="UTF-8"?>
<!-- Generated by org.testng.reporters.JUnitReportReporter -->
<testsuite hostname="QT-INBG-LT0406" failures="0" tests="3" name="automationscript.Searchandorder" time="25.795" errors="0" timestamp="2022-08-02T22:22:47 IST" skipped="0">
  <testcase classname="automationscript.Searchandorder" name="Lanching_the_Browser" time="15.423"/>
  <system-out/>
  <testcase classname="automationscript.Searchandorder" name="search" time="5.893"/>
  <system-out/>
  <testcase classname="automationscript.Searchandorder" name="Order" time="4.479"/>
  <system-out/>
</testsuite> <!-- automationscript.Searchandorder -->
