<?xml version="1.0" encoding="UTF-8"?>
<!-- Generated by org.testng.reporters.JUnitReportReporter -->
<testsuite hostname="QT-INBG-LT0406" failures="0" tests="1" name="automationscript.Lanuch" time="4.368" errors="0" timestamp="2022-08-04T14:03:52 IST" skipped="0">
  <testcase classname="automationscript.Lanuch" name="Lanching_the_Browser" time="4.368"/>
  <system-out/>
</testsuite> <!-- automationscript.Lanuch -->
