<?xml version="1.0" encoding="UTF-8"?>
<!-- Generated by org.testng.reporters.JUnitReportReporter -->
<testsuite hostname="QT-INBG-LT0406" failures="0" tests="1" name="automationscript.Lanuch" time="5.665" errors="0" timestamp="2022-08-02T17:12:29 IST" skipped="0">
  <testcase classname="automationscript.Lanuch" name="Lanching_the_Browser" time="5.665"/>
  <system-out/>
</testsuite> <!-- automationscript.Lanuch -->
