<?xml version="1.0" encoding="UTF-8"?>
<!-- Generated by org.testng.reporters.JUnitReportReporter -->
<testsuite hostname="QT-INBG-LT0406" failures="0" tests="3" name="automationscript.Searchandorder$Search" time="16.677" errors="0" timestamp="2022-08-02T18:05:37 IST" skipped="0">
  <testcase classname="automationscript.Searchandorder$Search" name="Lanching_the_Browser" time="8.597"/>
  <system-out/>
  <testcase classname="automationscript.Searchandorder$Search" name="search" time="3.648"/>
  <system-out/>
  <testcase classname="automationscript.Searchandorder$Search" name="Order" time="4.432"/>
  <system-out/>
</testsuite> <!-- automationscript.Searchandorder$Search -->
