<?xml version="1.0" encoding="UTF-8"?>
<!-- Generated by org.testng.reporters.JUnitReportReporter -->
<testsuite hostname="QT-INBG-LT0406" failures="0" tests="1" name="automationscript.contactUs_page" time="4.619" errors="0" timestamp="2022-08-04T18:48:07 IST" skipped="0">
  <testcase classname="automationscript.contactUs_page" name="contactUs" time="4.619"/>
  <system-out/>
</testsuite> <!-- automationscript.contactUs_page -->
