<?xml version="1.0" encoding="UTF-8"?>
<!-- Generated by org.testng.reporters.JUnitReportReporter -->
<testsuite hostname="QT-INBG-LT0406" failures="0" tests="2" name="automationscript.SignupandLogin" time="23.578" errors="0" timestamp="2022-08-02T22:22:47 IST" skipped="0">
  <testcase classname="automationscript.SignupandLogin" name="Lanching_the_Browser" time="16.345"/>
  <system-out/>
  <testcase classname="automationscript.SignupandLogin" name="Sigup_for_mobiles" time="7.233"/>
  <system-out/>
</testsuite> <!-- automationscript.SignupandLogin -->
