<?xml version="1.0" encoding="UTF-8"?>
<!-- Generated by org.testng.reporters.JUnitReportReporter -->
<testsuite hostname="QT-INBG-LT0406" failures="0" tests="2" name="automationscript.contactUs_page" time="23.151" errors="0" timestamp="2022-08-02T22:22:47 IST" skipped="0">
  <testcase classname="automationscript.contactUs_page" name="Lanching_the_Browser" time="15.877"/>
  <system-out/>
  <testcase classname="automationscript.contactUs_page" name="contactUs" time="7.274"/>
  <system-out/>
</testsuite> <!-- automationscript.contactUs_page -->
