<?xml version="1.0" encoding="UTF-8"?>
<!-- Generated by org.testng.reporters.JUnitReportReporter -->
<testsuite hostname="QT-INBG-LT0406" failures="0" tests="2" name="automationscript.SignupandLogin$Login" time="15.651" errors="0" timestamp="2022-08-02T18:04:45 IST" skipped="0">
  <testcase classname="automationscript.SignupandLogin$Login" name="Lanching_the_Browser" time="8.964"/>
  <system-out/>
  <testcase classname="automationscript.SignupandLogin$Login" name="Sigup_for_mobiles" time="6.687"/>
  <system-out/>
</testsuite> <!-- automationscript.SignupandLogin$Login -->
