<?xml version="1.0" encoding="UTF-8"?>
<!-- Generated by org.testng.reporters.JUnitReportReporter -->
<testsuite hostname="QT-INBG-LT0406" failures="0" tests="1" name="automationscript.Login" time="3.150" errors="0" timestamp="2022-08-04T18:48:07 IST" skipped="0">
  <testcase classname="automationscript.Login" name="Login1" time="3.150"/>
  <system-out/>
</testsuite> <!-- automationscript.Login -->
