<?xml version="1.0" encoding="UTF-8"?>
<!-- Generated by org.testng.reporters.JUnitReportReporter -->
<testsuite hostname="QT-INBG-LT0406" failures="0" tests="1" name="automationscript.Searchandorder" time="7.460" errors="0" timestamp="2022-08-04T18:48:07 IST" skipped="0">
  <testcase classname="automationscript.Searchandorder" name="search" time="7.460"/>
  <system-out/>
</testsuite> <!-- automationscript.Searchandorder -->
